<?xml version="1.0" encoding="UTF-8"?>
<testng-results ignored="0" total="2" passed="1" failed="1" skipped="0">
  <reporter-output>
  </reporter-output>
  <suite started-at="2024-05-14T17:52:44 IST" name="StoreSuite" finished-at="2024-05-14T17:52:58 IST" duration-ms="14181">
    <groups>
    </groups>
    <test started-at="2024-05-14T17:52:44 IST" name="StoreTest" finished-at="2024-05-14T17:52:58 IST" duration-ms="14181">
      <class name="com.restassuredheroapp.testscripts.StoreTestCases">
        <test-method signature="CreateOrder()[pri:0, instance:com.restassuredheroapp.testscripts.StoreTestCases@787f32b7]" started-at="2024-05-14T17:52:44 IST" name="CreateOrder" finished-at="2024-05-14T17:52:56 IST" duration-ms="11533" status="PASS">
          <reporter-output>
          </reporter-output>
        </test-method> <!-- CreateOrder -->
        <test-method signature="GetOrder()[pri:0, instance:com.restassuredheroapp.testscripts.StoreTestCases@787f32b7]" started-at="2024-05-14T17:52:56 IST" name="GetOrder" finished-at="2024-05-14T17:52:58 IST" depends-on-methods="com.restassuredheroapp.testscripts.StoreTestCases.CreateOrder" duration-ms="2295" status="FAIL">
          <exception class="java.lang.AssertionError">
            <message>
              <![CDATA[expected [111] but found [20886]]]>
            </message>
            <full-stacktrace>
              <![CDATA[java.lang.AssertionError: expected [111] but found [20886]
at org.testng.Assert.fail(Assert.java:110)
at org.testng.Assert.failNotEquals(Assert.java:1413)
at org.testng.Assert.assertEqualsImpl(Assert.java:149)
at org.testng.Assert.assertEquals(Assert.java:131)
at org.testng.Assert.assertEquals(Assert.java:1240)
at org.testng.Assert.assertEquals(Assert.java:1274)
at com.restassuredheroapp.testscripts.StoreTestCases.GetOrder(StoreTestCases.java:53)
at java.base/jdk.internal.reflect.NativeMethodAccessorImpl.invoke0(Native Method)
at java.base/jdk.internal.reflect.NativeMethodAccessorImpl.invoke(NativeMethodAccessorImpl.java:77)
at java.base/jdk.internal.reflect.DelegatingMethodAccessorImpl.invoke(DelegatingMethodAccessorImpl.java:43)
at java.base/java.lang.reflect.Method.invoke(Method.java:568)
at org.testng.internal.invokers.MethodInvocationHelper.invokeMethod(MethodInvocationHelper.java:135)
at org.testng.internal.invokers.TestInvoker.invokeMethod(TestInvoker.java:673)
at org.testng.internal.invokers.TestInvoker.invokeTestMethod(TestInvoker.java:220)
at org.testng.internal.invokers.MethodRunner.runInSequence(MethodRunner.java:50)
at org.testng.internal.invokers.TestInvoker$MethodInvocationAgent.invoke(TestInvoker.java:945)
at org.testng.internal.invokers.TestInvoker.invokeTestMethods(TestInvoker.java:193)
at org.testng.internal.invokers.TestMethodWorker.invokeTestMethods(TestMethodWorker.java:146)
at org.testng.internal.invokers.TestMethodWorker.run(TestMethodWorker.java:128)
at java.base/java.util.ArrayList.forEach(ArrayList.java:1511)
at org.testng.TestRunner.privateRun(TestRunner.java:808)
at org.testng.TestRunner.run(TestRunner.java:603)
at org.testng.SuiteRunner.runTest(SuiteRunner.java:429)
at org.testng.SuiteRunner.runSequentially(SuiteRunner.java:423)
at org.testng.SuiteRunner.privateRun(SuiteRunner.java:383)
at org.testng.SuiteRunner.run(SuiteRunner.java:326)
at org.testng.SuiteRunnerWorker.runSuite(SuiteRunnerWorker.java:52)
at org.testng.SuiteRunnerWorker.run(SuiteRunnerWorker.java:95)
at org.testng.TestNG.runSuitesSequentially(TestNG.java:1249)
at org.testng.TestNG.runSuitesLocally(TestNG.java:1169)
at org.testng.TestNG.runSuites(TestNG.java:1092)
at org.testng.TestNG.run(TestNG.java:1060)
at org.testng.remote.AbstractRemoteTestNG.run(AbstractRemoteTestNG.java:115)
at org.testng.remote.RemoteTestNG.initAndRun(RemoteTestNG.java:251)
at org.testng.remote.RemoteTestNG.main(RemoteTestNG.java:77)
]]>
            </full-stacktrace>
          </exception> <!-- java.lang.AssertionError -->
          <reporter-output>
          </reporter-output>
        </test-method> <!-- GetOrder -->
      </class> <!-- com.restassuredheroapp.testscripts.StoreTestCases -->
    </test> <!-- StoreTest -->
  </suite> <!-- StoreSuite -->
</testng-results>
